<?xml version="1.0" encoding="UTF-8"?>
<testng-results ignored="0" total="1" passed="1" failed="0" skipped="0">
  <reporter-output>
  </reporter-output>
  <suite started-at="2022-07-14T15:25:57 IST" name="Default suite" finished-at="2022-07-14T15:26:10 IST" duration-ms="12847">
    <groups>
      <group name="sanity">
        <method signature="CartTest.OpenCart()[pri:1, instance:com.FresherTraining_ExitTest.tests.CartTest@73173f63]" name="OpenCart" class="com.FresherTraining_ExitTest.tests.CartTest"/>
      </group> <!-- sanity -->
    </groups>
    <test started-at="2022-07-14T15:25:57 IST" name="Default test" finished-at="2022-07-14T15:26:10 IST" duration-ms="12847">
      <class name="com.FresherTraining_ExitTest.tests.CartTest">
        <test-method is-config="true" signature="setExtent()[pri:0, instance:com.FresherTraining_ExitTest.tests.CartTest@73173f63]" started-at="2022-07-14T15:25:57 IST" name="setExtent" finished-at="2022-07-14T15:25:57 IST" duration-ms="113" status="PASS">
          <reporter-output>
          </reporter-output>
        </test-method> <!-- setExtent -->
        <test-method is-config="true" signature="initializeDriver()[pri:0, instance:com.FresherTraining_ExitTest.tests.CartTest@73173f63]" started-at="2022-07-14T15:25:57 IST" name="initializeDriver" finished-at="2022-07-14T15:25:59 IST" duration-ms="1802" status="PASS">
          <reporter-output>
          </reporter-output>
        </test-method> <!-- initializeDriver -->
        <test-method is-config="true" signature="openUrl()[pri:0, instance:com.FresherTraining_ExitTest.tests.CartTest@73173f63]" started-at="2022-07-14T15:25:59 IST" name="openUrl" finished-at="2022-07-14T15:26:01 IST" duration-ms="2422" status="PASS">
          <reporter-output>
          </reporter-output>
        </test-method> <!-- openUrl -->
        <test-method is-config="true" signature="startTest(java.lang.reflect.Method)[pri:0, instance:com.FresherTraining_ExitTest.tests.CartTest@73173f63]" started-at="2022-07-14T15:26:01 IST" name="startTest" finished-at="2022-07-14T15:26:01 IST" duration-ms="11" status="PASS">
          <params>
            <param index="0">
              <value>
                <![CDATA[public void com.FresherTraining_ExitTest.tests.CartTest.OpenCart() throws java.lang.InterruptedException]]>
              </value>
            </param>
          </params>
          <reporter-output>
          </reporter-output>
        </test-method> <!-- startTest -->
        <test-method signature="OpenCart()[pri:1, instance:com.FresherTraining_ExitTest.tests.CartTest@73173f63]" started-at="2022-07-14T15:26:01 IST" name="OpenCart" finished-at="2022-07-14T15:26:06 IST" duration-ms="4403" status="PASS">
          <reporter-output>
          </reporter-output>
        </test-method> <!-- OpenCart -->
        <test-method is-config="true" signature="ResultTest(org.testng.ITestResult)[pri:0, instance:com.FresherTraining_ExitTest.tests.CartTest@73173f63]" started-at="2022-07-14T15:26:06 IST" name="ResultTest" finished-at="2022-07-14T15:26:06 IST" duration-ms="5" status="PASS">
          <params>
            <param index="0">
              <value>
                <![CDATA[[TestResult name=OpenCart status=SUCCESS method=CartTest.OpenCart()[pri:1, instance:com.FresherTraining_ExitTest.tests.CartTest@73173f63] output={null}]]]>
              </value>
            </param>
          </params>
          <reporter-output>
          </reporter-output>
        </test-method> <!-- ResultTest -->
        <test-method is-config="true" signature="testClose()[pri:0, instance:com.FresherTraining_ExitTest.tests.CartTest@73173f63]" started-at="2022-07-14T15:26:06 IST" name="testClose" finished-at="2022-07-14T15:26:10 IST" duration-ms="4170" status="PASS">
          <reporter-output>
          </reporter-output>
        </test-method> <!-- testClose -->
        <test-method is-config="true" signature="endReport()[pri:0, instance:com.FresherTraining_ExitTest.tests.CartTest@73173f63]" started-at="2022-07-14T15:26:10 IST" name="endReport" finished-at="2022-07-14T15:26:10 IST" duration-ms="203" status="PASS">
          <reporter-output>
          </reporter-output>
        </test-method> <!-- endReport -->
      </class> <!-- com.FresherTraining_ExitTest.tests.CartTest -->
    </test> <!-- Default test -->
  </suite> <!-- Default suite -->
</testng-results>
