<?xml version="1.0" encoding="UTF-8"?>
<!-- Generated by org.testng.reporters.JUnitXMLReporter -->
<testsuite ignored="4" hostname="IN-30QJ1J3" failures="0" tests="5" name="Test" time="211.488" errors="0" timestamp="2022-07-14T22:13:03 IST">
  <testcase classname="com.FresherTraining_ExitTest.tests.TravelTest" name="ValidCities" time="10.073"/>
  <testcase classname="com.FresherTraining_ExitTest.tests.TravelTest" name="InvalidCities" time="9.792"/>
  <testcase classname="com.FresherTraining_ExitTest.tests.SocialPlatformsTest" name="Open_FaceBook" time="9.679"/>
  <testcase classname="com.FresherTraining_ExitTest.tests.SocialPlatformsTest" name="Open_Twitter" time="14.388"/>
  <testcase classname="com.FresherTraining_ExitTest.tests.SocialPlatformsTest" name="Open_YouTube" time="12.078"/>
  <testcase classname="com.FresherTraining_ExitTest.tests.BaseTest" name="@BeforeSuite setExtent" time="0.0">
    <ignored/>
  </testcase> <!-- @BeforeSuite setExtent -->
  <testcase classname="com.FresherTraining_ExitTest.tests.BaseTest" name="@BeforeSuite setExtent" time="0.0">
    <ignored/>
  </testcase> <!-- @BeforeSuite setExtent -->
  <testcase classname="com.FresherTraining_ExitTest.tests.BaseTest" name="@AfterSuite endReport" time="0.0">
    <ignored/>
  </testcase> <!-- @AfterSuite endReport -->
  <testcase classname="com.FresherTraining_ExitTest.tests.BaseTest" name="@AfterSuite endReport" time="0.0">
    <ignored/>
  </testcase> <!-- @AfterSuite endReport -->
</testsuite> <!-- Test -->
