<?xml version="1.0" encoding="UTF-8"?>
<!-- Generated by org.testng.reporters.JUnitXMLReporter -->
<testsuite ignored="0" hostname="IN-30QJ1J3" failures="0" tests="2" name="Default test" time="22.058" errors="0" timestamp="2022-07-14T21:18:28 IST">
  <testcase classname="com.FresherTraining_ExitTest.tests.SocialPlatformsTest" name="Open_FaceBook" time="7.254"/>
  <testcase classname="com.FresherTraining_ExitTest.tests.SocialPlatformsTest" name="Open_Twitter" time="7.196"/>
</testsuite> <!-- Default test -->
